Read1 before filtering:
total reads: 30104067
total bases: 4515610050
Q20 bases: 3822380382(84.6482%)
Q30 bases: 3019639208(66.8711%)
Q40 bases: 3019639208(66.8711%)

Read1 after filtering:
total reads: 29899673
total bases: 590346484
Q20 bases: 586120741(99.2842%)
Q30 bases: 568761819(96.3437%)
Q40 bases: 568761819(96.3437%)

Filtering result:
reads passed filter: 29899673
reads failed due to low quality: 11838
reads failed due to too many N: 0
reads failed due to too short: 109482
reads failed due to adapter dimer: 83074
reads with adapter trimmed: 29220602
bases trimmed due to adapters: 2133985428

Duplication rate (may be overestimated since this is SE data): 34.412%

JSON report: CD4_S2.fastp.json
HTML report: CD4_S2.fastp.html

fastp --in1 CD4_S2.fastq.gz --out1 CD4_S2.fastp.fastq.gz --thread 6 --json CD4_S2.fastp.json --html CD4_S2.fastp.html --adapter_fasta known_adapters.fa --failed_out CD4_S2.fail.fastq.gz -l 10 --max_len1 20 --adapter_sequence AGATCGGAAGAGCACACGTCTGAACTCCAGTCA 
fastp v1.3.1, time used: 103 seconds
