Settings:
  Output files: "/samurlab1/Joshua/smallRNA_USRF/03.shortRNA_filtering/02.indices/RNAcentral_human/RNAcentral_human.*.ebwt"
  Line rate: 6 (line is 64 bytes)
  Lines per side: 1 (side is 64 bytes)
  Offset rate: 5 (one in 32)
  FTable chars: 10
  Strings: unpacked
  Max bucket size: default
  Max bucket size, sqrt multiplier: default
  Max bucket size, len divisor: 4
  Difference-cover sample period: 1024
  Endianness: little
  Actual local endianness: little
  Sanity checking: disabled
  Assertions: disabled
  Random seed: 0
  Sizeofs: void*:8, int:4, long:8, size_t:8
Input files DNA, FASTA:
  /samurlab1/Joshua/smallRNA_USRF/03.shortRNA_filtering/01.databases/rnacentral_human.fa
Reading reference sizes
  Time reading reference sizes: 00:00:00
Calculating joined length
Writing header
Reserving space for joined string
Joining reference sequences
  Time to join reference sequences: 00:00:00
bmax according to bmaxDivN setting: 325196
Using parameters --bmax 243897 --dcv 1024
  Doing ahead-of-time memory usage test
  Passed!  Constructing with these parameters: --bmax 243897 --dcv 1024
Constructing suffix-array element generator
Building DifferenceCoverSample
  Building sPrime
  Building sPrimeOrder
  V-Sorting samples
  V-Sorting samples time: 00:00:00
  Allocating rank array
  Ranking v-sort output
  Ranking v-sort output time: 00:00:00
  Invoking Larsson-Sadakane on ranks
  Invoking Larsson-Sadakane on ranks time: 00:00:00
  Sanity-checking and returning
Building samples
Reserving space for 12 sample suffixes
Generating random suffixes
QSorting 12 sample offsets, eliminating duplicates
Multikey QSorting 12 samples
  (Using difference cover)
  Multikey QSorting samples time: 00:00:00
QSorting sample offsets, eliminating duplicates time: 00:00:00
Calculating bucket sizes
Splitting and merging
  Splitting and merging time: 00:00:00
Split 1, merged 5; iterating...
Splitting and merging
  Splitting and merging time: 00:00:00
Avg bucket size: 162597 (target: 243896)
Converting suffix-array elements to index image
Allocating ftab, absorbFtab
Entering Ebwt loop
Getting block 1 of 8
  Reserving size (243897) for bucket 1
  Calculating Z arrays for bucket 1
  Entering block accumulator loop for bucket 1:
  bucket 1: 10%
  bucket 1: 20%
  bucket 1: 30%
  bucket 1: 40%
  bucket 1: 50%
  bucket 1: 60%
  bucket 1: 70%
  bucket 1: 80%
  bucket 1: 90%
  bucket 1: 100%
  Sorting block of length 45041 for bucket 1
  (Using difference cover)
  Sorting block time: 00:00:00
Returning block of 45042 for bucket 1
Getting block 2 of 8
  Reserving size (243897) for bucket 2
  Calculating Z arrays for bucket 2
  Entering block accumulator loop for bucket 2:
  bucket 2: 10%
  bucket 2: 20%
  bucket 2: 30%
  bucket 2: 40%
  bucket 2: 50%
  bucket 2: 60%
  bucket 2: 70%
  bucket 2: 80%
  bucket 2: 90%
  bucket 2: 100%
  Sorting block of length 241510 for bucket 2
  (Using difference cover)
  Sorting block time: 00:00:00
Returning block of 241511 for bucket 2
Getting block 3 of 8
  Reserving size (243897) for bucket 3
  Calculating Z arrays for bucket 3
  Entering block accumulator loop for bucket 3:
  bucket 3: 10%
  bucket 3: 20%
  bucket 3: 30%
  bucket 3: 40%
  bucket 3: 50%
  bucket 3: 60%
  bucket 3: 70%
  bucket 3: 80%
  bucket 3: 90%
  bucket 3: 100%
  Sorting block of length 197479 for bucket 3
  (Using difference cover)
  Sorting block time: 00:00:00
Returning block of 197480 for bucket 3
Getting block 4 of 8
  Reserving size (243897) for bucket 4
  Calculating Z arrays for bucket 4
  Entering block accumulator loop for bucket 4:
  bucket 4: 10%
  bucket 4: 20%
  bucket 4: 30%
  bucket 4: 40%
  bucket 4: 50%
  bucket 4: 60%
  bucket 4: 70%
  bucket 4: 80%
  bucket 4: 90%
  bucket 4: 100%
  Sorting block of length 63243 for bucket 4
  (Using difference cover)
  Sorting block time: 00:00:00
Returning block of 63244 for bucket 4
Getting block 5 of 8
  Reserving size (243897) for bucket 5
  Calculating Z arrays for bucket 5
  Entering block accumulator loop for bucket 5:
  bucket 5: 10%
  bucket 5: 20%
  bucket 5: 30%
  bucket 5: 40%
  bucket 5: 50%
  bucket 5: 60%
  bucket 5: 70%
  bucket 5: 80%
  bucket 5: 90%
  bucket 5: 100%
  Sorting block of length 190903 for bucket 5
  (Using difference cover)
  Sorting block time: 00:00:00
Returning block of 190904 for bucket 5
Getting block 6 of 8
  Reserving size (243897) for bucket 6
  Calculating Z arrays for bucket 6
  Entering block accumulator loop for bucket 6:
  bucket 6: 10%
  bucket 6: 20%
  bucket 6: 30%
  bucket 6: 40%
  bucket 6: 50%
  bucket 6: 60%
  bucket 6: 70%
  bucket 6: 80%
  bucket 6: 90%
  bucket 6: 100%
  Sorting block of length 226756 for bucket 6
  (Using difference cover)
  Sorting block time: 00:00:00
Returning block of 226757 for bucket 6
Getting block 7 of 8
  Reserving size (243897) for bucket 7
  Calculating Z arrays for bucket 7
  Entering block accumulator loop for bucket 7:
  bucket 7: 10%
  bucket 7: 20%
  bucket 7: 30%
  bucket 7: 40%
  bucket 7: 50%
  bucket 7: 60%
  bucket 7: 70%
  bucket 7: 80%
  bucket 7: 90%
  bucket 7: 100%
  Sorting block of length 94354 for bucket 7
  (Using difference cover)
  Sorting block time: 00:00:00
Returning block of 94355 for bucket 7
Getting block 8 of 8
  Reserving size (243897) for bucket 8
  Calculating Z arrays for bucket 8
  Entering block accumulator loop for bucket 8:
  bucket 8: 10%
  bucket 8: 20%
  bucket 8: 30%
  bucket 8: 40%
  bucket 8: 50%
  bucket 8: 60%
  bucket 8: 70%
  bucket 8: 80%
  bucket 8: 90%
  bucket 8: 100%
  Sorting block of length 241491 for bucket 8
  (Using difference cover)
  Sorting block time: 00:00:00
Returning block of 241492 for bucket 8
Exited Ebwt loop
fchr[A]: 0
fchr[C]: 345863
fchr[G]: 635760
fchr[T]: 973721
fchr[$]: 1300784
Exiting Ebwt::buildToDisk()
Returning from initFromVector
Wrote 4645164 bytes to primary EBWT file: /samurlab1/Joshua/smallRNA_USRF/03.shortRNA_filtering/02.indices/RNAcentral_human/RNAcentral_human.1.ebwt
Wrote 162604 bytes to secondary EBWT file: /samurlab1/Joshua/smallRNA_USRF/03.shortRNA_filtering/02.indices/RNAcentral_human/RNAcentral_human.2.ebwt
Re-opening _in1 and _in2 as input streams
Returning from Ebwt constructor
Headers:
    len: 1300784
    bwtLen: 1300785
    sz: 325196
    bwtSz: 325197
    lineRate: 6
    linesPerSide: 1
    offRate: 5
    offMask: 0xffffffe0
    isaRate: -1
    isaMask: 0xffffffff
    ftabChars: 10
    eftabLen: 20
    eftabSz: 80
    ftabLen: 1048577
    ftabSz: 4194308
    offsLen: 40650
    offsSz: 162600
    isaLen: 0
    isaSz: 0
    lineSz: 64
    sideSz: 64
    sideBwtSz: 56
    sideBwtLen: 224
    numSidePairs: 2904
    numSides: 5808
    numLines: 5808
    ebwtTotLen: 371712
    ebwtTotSz: 371712
    reverse: 0
Total time for call to driver() for forward index: 00:00:01
Reading reference sizes
  Time reading reference sizes: 00:00:00
Calculating joined length
Writing header
Reserving space for joined string
Joining reference sequences
  Time to join reference sequences: 00:00:00
bmax according to bmaxDivN setting: 325196
Using parameters --bmax 243897 --dcv 1024
  Doing ahead-of-time memory usage test
  Passed!  Constructing with these parameters: --bmax 243897 --dcv 1024
Constructing suffix-array element generator
Building DifferenceCoverSample
  Building sPrime
  Building sPrimeOrder
  V-Sorting samples
  V-Sorting samples time: 00:00:00
  Allocating rank array
  Ranking v-sort output
  Ranking v-sort output time: 00:00:00
  Invoking Larsson-Sadakane on ranks
  Invoking Larsson-Sadakane on ranks time: 00:00:00
  Sanity-checking and returning
Building samples
Reserving space for 12 sample suffixes
Generating random suffixes
QSorting 12 sample offsets, eliminating duplicates
Multikey QSorting 12 samples
  (Using difference cover)
  Multikey QSorting samples time: 00:00:00
QSorting sample offsets, eliminating duplicates time: 00:00:00
Calculating bucket sizes
Splitting and merging
  Splitting and merging time: 00:00:00
Split 1, merged 5; iterating...
Splitting and merging
  Splitting and merging time: 00:00:00
Avg bucket size: 162597 (target: 243896)
Converting suffix-array elements to index image
Allocating ftab, absorbFtab
Entering Ebwt loop
Getting block 1 of 8
  Reserving size (243897) for bucket 1
  Calculating Z arrays for bucket 1
  Entering block accumulator loop for bucket 1:
  bucket 1: 10%
  bucket 1: 20%
  bucket 1: 30%
  bucket 1: 40%
  bucket 1: 50%
  bucket 1: 60%
  bucket 1: 70%
  bucket 1: 80%
  bucket 1: 90%
  bucket 1: 100%
  Sorting block of length 171840 for bucket 1
  (Using difference cover)
  Sorting block time: 00:00:00
Returning block of 171841 for bucket 1
Getting block 2 of 8
  Reserving size (243897) for bucket 2
  Calculating Z arrays for bucket 2
  Entering block accumulator loop for bucket 2:
  bucket 2: 10%
  bucket 2: 20%
  bucket 2: 30%
  bucket 2: 40%
  bucket 2: 50%
  bucket 2: 60%
  bucket 2: 70%
  bucket 2: 80%
  bucket 2: 90%
  bucket 2: 100%
  Sorting block of length 180386 for bucket 2
  (Using difference cover)
  Sorting block time: 00:00:00
Returning block of 180387 for bucket 2
Getting block 3 of 8
  Reserving size (243897) for bucket 3
  Calculating Z arrays for bucket 3
  Entering block accumulator loop for bucket 3:
  bucket 3: 10%
  bucket 3: 20%
  bucket 3: 30%
  bucket 3: 40%
  bucket 3: 50%
  bucket 3: 60%
  bucket 3: 70%
  bucket 3: 80%
  bucket 3: 90%
  bucket 3: 100%
  Sorting block of length 124622 for bucket 3
  (Using difference cover)
  Sorting block time: 00:00:00
Returning block of 124623 for bucket 3
Getting block 4 of 8
  Reserving size (243897) for bucket 4
  Calculating Z arrays for bucket 4
  Entering block accumulator loop for bucket 4:
  bucket 4: 10%
  bucket 4: 20%
  bucket 4: 30%
  bucket 4: 40%
  bucket 4: 50%
  bucket 4: 60%
  bucket 4: 70%
  bucket 4: 80%
  bucket 4: 90%
  bucket 4: 100%
  Sorting block of length 229041 for bucket 4
  (Using difference cover)
  Sorting block time: 00:00:00
Returning block of 229042 for bucket 4
Getting block 5 of 8
  Reserving size (243897) for bucket 5
  Calculating Z arrays for bucket 5
  Entering block accumulator loop for bucket 5:
  bucket 5: 10%
  bucket 5: 20%
  bucket 5: 30%
  bucket 5: 40%
  bucket 5: 50%
  bucket 5: 60%
  bucket 5: 70%
  bucket 5: 80%
  bucket 5: 90%
  bucket 5: 100%
  Sorting block of length 167996 for bucket 5
  (Using difference cover)
  Sorting block time: 00:00:00
Returning block of 167997 for bucket 5
Getting block 6 of 8
  Reserving size (243897) for bucket 6
  Calculating Z arrays for bucket 6
  Entering block accumulator loop for bucket 6:
  bucket 6: 10%
  bucket 6: 20%
  bucket 6: 30%
  bucket 6: 40%
  bucket 6: 50%
  bucket 6: 60%
  bucket 6: 70%
  bucket 6: 80%
  bucket 6: 90%
  bucket 6: 100%
  Sorting block of length 174933 for bucket 6
  (Using difference cover)
  Sorting block time: 00:00:01
Returning block of 174934 for bucket 6
Getting block 7 of 8
  Reserving size (243897) for bucket 7
  Calculating Z arrays for bucket 7
  Entering block accumulator loop for bucket 7:
  bucket 7: 10%
  bucket 7: 20%
  bucket 7: 30%
  bucket 7: 40%
  bucket 7: 50%
  bucket 7: 60%
  bucket 7: 70%
  bucket 7: 80%
  bucket 7: 90%
  bucket 7: 100%
  Sorting block of length 137395 for bucket 7
  (Using difference cover)
  Sorting block time: 00:00:00
Returning block of 137396 for bucket 7
Getting block 8 of 8
  Reserving size (243897) for bucket 8
  Calculating Z arrays for bucket 8
  Entering block accumulator loop for bucket 8:
  bucket 8: 10%
  bucket 8: 20%
  bucket 8: 30%
  bucket 8: 40%
  bucket 8: 50%
  bucket 8: 60%
  bucket 8: 70%
  bucket 8: 80%
  bucket 8: 90%
  bucket 8: 100%
  Sorting block of length 114564 for bucket 8
  (Using difference cover)
  Sorting block time: 00:00:00
Returning block of 114565 for bucket 8
Exited Ebwt loop
fchr[A]: 0
fchr[C]: 345863
fchr[G]: 635760
fchr[T]: 973721
fchr[$]: 1300784
Exiting Ebwt::buildToDisk()
Returning from initFromVector
Wrote 4645164 bytes to primary EBWT file: /samurlab1/Joshua/smallRNA_USRF/03.shortRNA_filtering/02.indices/RNAcentral_human/RNAcentral_human.rev.1.ebwt
Wrote 162604 bytes to secondary EBWT file: /samurlab1/Joshua/smallRNA_USRF/03.shortRNA_filtering/02.indices/RNAcentral_human/RNAcentral_human.rev.2.ebwt
Re-opening _in1 and _in2 as input streams
Returning from Ebwt constructor
Headers:
    len: 1300784
    bwtLen: 1300785
    sz: 325196
    bwtSz: 325197
    lineRate: 6
    linesPerSide: 1
    offRate: 5
    offMask: 0xffffffe0
    isaRate: -1
    isaMask: 0xffffffff
    ftabChars: 10
    eftabLen: 20
    eftabSz: 80
    ftabLen: 1048577
    ftabSz: 4194308
    offsLen: 40650
    offsSz: 162600
    isaLen: 0
    isaSz: 0
    lineSz: 64
    sideSz: 64
    sideBwtSz: 56
    sideBwtLen: 224
    numSidePairs: 2904
    numSides: 5808
    numLines: 5808
    ebwtTotLen: 371712
    ebwtTotSz: 371712
    reverse: 0
Total time for backward call to driver() for mirror index: 00:00:01
